<?xml version="1.0" encoding="UTF-8"?>
<!-- Generated by org.testng.reporters.JUnitReportReporter -->
<testsuite hostname="Sachin" failures="0" tests="4" name="com.webplat.tests.LoginTests" time="6.759" errors="0" timestamp="2025-06-26T11:01:35 IST" skipped="0">
  <testcase classname="com.webplat.tests.LoginTests" name="verifyLoginPageLoadPerformance" time="3.842"/>
  <testcase classname="com.webplat.tests.LoginTests" name="verifyInvalidLogin" time="1.113"/>
  <testcase classname="com.webplat.tests.LoginTests" name="verifyForgotPasswordFlow" time="1.339"/>
  <testcase classname="com.webplat.tests.LoginTests" name="verifyInstagramRedirect" time="0.465"/>
</testsuite> <!-- com.webplat.tests.LoginTests -->
