<?xml version="1.0" encoding="UTF-8"?>
<!-- Generated by org.testng.reporters.JUnitReportReporter -->
<testsuite hostname="Sachin" failures="0" tests="1" name="com.webplat.tests.LoginLoadPerformanceTest" time="2.736" errors="0" timestamp="2025-06-26T00:48:55 IST" skipped="0">
  <testcase classname="com.webplat.tests.LoginLoadPerformanceTest" name="verifyLoginPageLoadPerformance" time="2.736"/>
</testsuite> <!-- com.webplat.tests.LoginLoadPerformanceTest -->
