<?xml version="1.0" encoding="UTF-8"?>
<!-- Generated by org.testng.reporters.JUnitReportReporter -->
<testsuite hostname="Sachin" failures="0" tests="4" name="com.webplat.tests.LoginTests" time="9.282" errors="0" timestamp="2025-06-26T10:30:38 IST" skipped="0">
  <testcase classname="com.webplat.tests.LoginTests" name="verifyLoginPageLoadPerformance" time="3.950"/>
  <testcase classname="com.webplat.tests.LoginTests" name="verifyInvalidLogin" time="4.130"/>
  <testcase classname="com.webplat.tests.LoginTests" name="verifyForgotPasswordFlow" time="0.497"/>
  <testcase classname="com.webplat.tests.LoginTests" name="verifyInstagramRedirect" time="0.705"/>
</testsuite> <!-- com.webplat.tests.LoginTests -->
