<?xml version="1.0" encoding="UTF-8"?>
<!-- Generated by org.testng.reporters.JUnitReportReporter -->
<testsuite hostname="Sachin" failures="0" tests="2" name="com.webplat.tests.LoginTest" time="3.032" errors="0" timestamp="2025-06-26T00:50:46 IST" skipped="0">
  <testcase classname="com.webplat.tests.LoginTest" name="verifyLoginPageLoadPerformance" time="1.873"/>
  <testcase classname="com.webplat.tests.LoginTest" name="verifyInvalidLogin" time="1.159"/>
</testsuite> <!-- com.webplat.tests.LoginTest -->
